<?xml version="1.0" encoding="UTF-8"?>
<!-- Generated by org.testng.reporters.JUnitReportReporter -->
<testsuite hostname="srinivasr_pc" failures="0" tests="1" name="com.bb.tests.LoginTest" time="4.362" errors="0" timestamp="12 Jan 2024 06:48:53 GMT">
  <testcase classname="com.bb.tests.LoginTest" name="Verify_the_login_functionality_with_valid_data" time="4.362"/>
</testsuite> <!-- com.bb.tests.LoginTest -->
